<?xml version="1.0" encoding="UTF-8"?>
<!-- Generated by org.testng.reporters.JUnitXMLReporter -->
<testsuite ignored="0" hostname="ASUS" failures="1" tests="2" name="Test" time="382.72" errors="0" timestamp="2023-06-22T11:29:06 AEST">
  <testcase classname="demoqa.com.test.BookStoreTest" name="brokenLinkVerification" time="14.132"/>
  <testcase classname="demoqa.com.test.BookStoreTest" name="webtableSortTitleVerification" time="1.073">
    <failure type="java.lang.AssertionError" message="expected [true] but found [false]">
      <![CDATA[java.lang.AssertionError: expected [true] but found [false]
at demoqa.com.test.BookStoreTest.webtableSortTitleVerification(BookStoreTest.java:89)
at java.base/java.util.ArrayList.forEach(ArrayList.java:1511)
... Removed 31 stack frames]]>
    </failure>
  </testcase> <!-- webtableSortTitleVerification -->
</testsuite> <!-- Test -->
